Using pre-set license
Built from '2020.3/staging' branch; Version is '2020.3.10f1 (297d780c91bc) revision 2719096'; Using compiler version '192528614'; Build Type 'Release'
OS: 'Windows 10 Home; OS build 19041.1083; Version 2004; 64bit' Language: 'ko' Physical Memory: 14269 MB
BatchMode: 1, IsHumanControllingUs: 0, StartBugReporterOnCrash: 0, Is64bit: 1, IsPro: 0

 COMMAND LINE ARGUMENTS:
C:\Program Files\Unity\Hub\Editor\2020.3.10f1\Editor\Unity.exe
-adb2
-batchMode
-noUpm
-name
AssetImportWorker0
-projectPath
E:/yejun/Project0530
-logFile
Logs/AssetImportWorker0.log
-srvPort
13659
Successfully changed project path to: E:/yejun/Project0530
E:/yejun/Project0530
Using Asset Import Pipeline V2.
Refreshing native plugins compatible for Editor in 71.26 ms, found 2 plugins.
Preloading 0 native plugins for Editor in 0.00 ms.
Initialize engine version: 2020.3.10f1 (297d780c91bc)
[Subsystems] Discovering subsystems at path C:/Program Files/Unity/Hub/Editor/2020.3.10f1/Editor/Data/Resources/UnitySubsystems
[Subsystems] Discovering subsystems at path E:/yejun/Project0530/Assets
GfxDevice: creating device client; threaded=0
Direct3D:
    Version:  Direct3D 11.0 [level 11.1]
    Renderer: AMD Radeon(TM) RX Vega 11 Graphics (ID=0x15dd)
    Vendor:   
    VRAM:     7134 MB
    Driver:   27.20.1020.1
Initialize mono
Mono path[0] = 'C:/Program Files/Unity/Hub/Editor/2020.3.10f1/Editor/Data/Managed'
Mono path[1] = 'C:/Program Files/Unity/Hub/Editor/2020.3.10f1/Editor/Data/MonoBleedingEdge/lib/mono/unityjit'
Mono config path = 'C:/Program Files/Unity/Hub/Editor/2020.3.10f1/Editor/Data/MonoBleedingEdge/etc'
Using monoOptions --debugger-agent=transport=dt_socket,embedding=1,server=y,suspend=n,address=127.0.0.1:56848
Begin MonoManager ReloadAssembly
Registering precompiled unity dll's ...
Register platform support module: C:/Program Files/Unity/Hub/Editor/2020.3.10f1/Editor/Data/PlaybackEngines/WindowsStandaloneSupport/UnityEditor.WindowsStandalone.Extensions.dll
Registered in 0.006125 seconds.
Native extension for WindowsStandalone target not found
Refreshing native plugins compatible for Editor in 57.17 ms, found 2 plugins.
Preloading 0 native plugins for Editor in 0.00 ms.
Mono: successfully reloaded assembly
- Completed reload, in  2.223 seconds
Platform modules already initialized, skipping
Registering precompiled user dll's ...
Registered in 0.009938 seconds.
Begin MonoManager ReloadAssembly
Native extension for WindowsStandalone target not found
Refreshing native plugins compatible for Editor in 0.78 ms, found 2 plugins.
Preloading 0 native plugins for Editor in 0.00 ms.
Mono: successfully reloaded assembly
- Completed reload, in  1.772 seconds
Platform modules already initialized, skipping
========================================================================
Worker process is ready to serve import requests
Launched and connected shader compiler UnityShaderCompiler.exe after 0.09 seconds
Refreshing native plugins compatible for Editor in 1.25 ms, found 2 plugins.
Preloading 0 native plugins for Editor in 0.00 ms.
Unloading 1935 Unused Serialized files (Serialized files now loaded: 0)
System memory in use before: 82.9 MB.
System memory in use after: 83.0 MB.

Unloading 58 unused Assets to reduce memory usage. Loaded Objects now: 2341.
Total: 7.130500 ms (FindLiveObjects: 0.293200 ms CreateObjectMapping: 0.060800 ms MarkObjects: 6.671900 ms  DeleteObjects: 0.102200 ms)

========================================================================
Received Import Request.
  path: Assets/Script/ScenePlay.cs
  artifactKey: Guid(2635800888c54454e964c41cf2f86a19) Importer(815301076,1909f56bfc062723c751e8b465ee728b)
Start importing Assets/Script/ScenePlay.cs using Guid(2635800888c54454e964c41cf2f86a19) Importer(815301076,1909f56bfc062723c751e8b465ee728b)  -> (artifact id: '3a72014c9952c5ca40b742f0d41ea24a') in 0.059172 seconds
  Import took 0.062864 seconds .

========================================================================
Received Import Request.
  Time since last request: 0.000370 seconds.
  path: Assets/Script/Hero.cs
  artifactKey: Guid(5bb0faaa8f284964e8877988ae41aaaa) Importer(815301076,1909f56bfc062723c751e8b465ee728b)
Start importing Assets/Script/Hero.cs using Guid(5bb0faaa8f284964e8877988ae41aaaa) Importer(815301076,1909f56bfc062723c751e8b465ee728b)  -> (artifact id: '6de1b0d3d5ebe839ac4f6c7b6d45f9ce') in 0.028134 seconds
  Import took 0.031850 seconds .

========================================================================
Received Import Request.
  Time since last request: 0.000452 seconds.
  path: Assets/Script/SceneStart.cs
  artifactKey: Guid(9d2b5bad6ce98134591518aed306111e) Importer(815301076,1909f56bfc062723c751e8b465ee728b)
Start importing Assets/Script/SceneStart.cs using Guid(9d2b5bad6ce98134591518aed306111e) Importer(815301076,1909f56bfc062723c751e8b465ee728b)  -> (artifact id: 'a01ea89594075198e73d604f7c6b56f1') in 0.006240 seconds
  Import took 0.011244 seconds .

========================================================================
Received Prepare
Registering precompiled user dll's ...
Registered in 0.010121 seconds.
Begin MonoManager ReloadAssembly
Native extension for WindowsStandalone target not found
Refreshing native plugins compatible for Editor in 0.87 ms, found 2 plugins.
Preloading 0 native plugins for Editor in 0.00 ms.
Mono: successfully reloaded assembly
- Completed reload, in  1.719 seconds
Platform modules already initialized, skipping
Refreshing native plugins compatible for Editor in 0.79 ms, found 2 plugins.
Preloading 0 native plugins for Editor in 0.00 ms.
Unloading 1929 Unused Serialized files (Serialized files now loaded: 0)
System memory in use before: 82.7 MB.
System memory in use after: 82.9 MB.

Unloading 49 unused Assets to reduce memory usage. Loaded Objects now: 2344.
Total: 6.076400 ms (FindLiveObjects: 0.215900 ms CreateObjectMapping: 0.049800 ms MarkObjects: 5.774900 ms  DeleteObjects: 0.034500 ms)

========================================================================
Received Import Request.
  Time since last request: 65.828569 seconds.
  path: Assets/Script/Monster.cs
  artifactKey: Guid(e6dcb808fda04e747a3d99b1ad9a7905) Importer(815301076,1909f56bfc062723c751e8b465ee728b)
Start importing Assets/Script/Monster.cs using Guid(e6dcb808fda04e747a3d99b1ad9a7905) Importer(815301076,1909f56bfc062723c751e8b465ee728b)  -> (artifact id: '75d7900af8727114c66ea401e6e4b935') in 0.007792 seconds
  Import took 0.011423 seconds .

========================================================================
Received Prepare
Registering precompiled user dll's ...
Registered in 0.015520 seconds.
Begin MonoManager ReloadAssembly
Native extension for WindowsStandalone target not found
Refreshing native plugins compatible for Editor in 0.91 ms, found 2 plugins.
Preloading 0 native plugins for Editor in 0.00 ms.
Mono: successfully reloaded assembly
- Completed reload, in  1.728 seconds
Platform modules already initialized, skipping
Refreshing native plugins compatible for Editor in 0.76 ms, found 2 plugins.
Preloading 0 native plugins for Editor in 0.00 ms.
Unloading 1929 Unused Serialized files (Serialized files now loaded: 0)
System memory in use before: 82.8 MB.
System memory in use after: 82.9 MB.

Unloading 49 unused Assets to reduce memory usage. Loaded Objects now: 2347.
Total: 7.741200 ms (FindLiveObjects: 0.241800 ms CreateObjectMapping: 0.065500 ms MarkObjects: 7.388000 ms  DeleteObjects: 0.043400 ms)

========================================================================
Received Import Request.
  Time since last request: 55.341665 seconds.
  path: Assets/Script/Monster.cs
  artifactKey: Guid(e6dcb808fda04e747a3d99b1ad9a7905) Importer(815301076,1909f56bfc062723c751e8b465ee728b)
Start importing Assets/Script/Monster.cs using Guid(e6dcb808fda04e747a3d99b1ad9a7905) Importer(815301076,1909f56bfc062723c751e8b465ee728b)  -> (artifact id: '63a86b89d3ffd3c7bb2a2ef1d2ab035d') in 0.009441 seconds
  Import took 0.013609 seconds .

========================================================================
Received Import Request.
  Time since last request: 499.832940 seconds.
  path: Assets/Script/New Terrain Layer.terrainlayer
  artifactKey: Guid(d95b1cc4d19503d4a9976c2d9083f264) Importer(815301076,1909f56bfc062723c751e8b465ee728b)
Start importing Assets/Script/New Terrain Layer.terrainlayer using Guid(d95b1cc4d19503d4a9976c2d9083f264) Importer(815301076,1909f56bfc062723c751e8b465ee728b)  -> (artifact id: '0c9f2e4651ea6fb89a929a59eaf9cae6') in 0.084948 seconds
  Import took 0.090240 seconds .

========================================================================
Received Import Request.
  Time since last request: 14.739245 seconds.
  path: Assets/New Terrain.asset
  artifactKey: Guid(fd01cc1965f71e042a56340cd5155f04) Importer(815301076,1909f56bfc062723c751e8b465ee728b)
Start importing Assets/New Terrain.asset using Guid(fd01cc1965f71e042a56340cd5155f04) Importer(815301076,1909f56bfc062723c751e8b465ee728b)  -> (artifact id: '00fed15c0f5225965f29e8bc4e40d839') in 0.038309 seconds
  Import took 0.047933 seconds .

========================================================================
Received Import Request.
  Time since last request: 285.005399 seconds.
  path: Assets/New Terrain 1.asset
  artifactKey: Guid(eeae5fc6e72fb43459319d6955d48d34) Importer(815301076,1909f56bfc062723c751e8b465ee728b)
Start importing Assets/New Terrain 1.asset using Guid(eeae5fc6e72fb43459319d6955d48d34) Importer(815301076,1909f56bfc062723c751e8b465ee728b)  -> (artifact id: '28a6a897ef83017dc3b6d33b66ee23a8') in 0.019202 seconds
  Import took 0.025364 seconds .

========================================================================
Received Import Request.
  Time since last request: 77.150847 seconds.
  path: Assets/Scenes/PlayScene.unity
  artifactKey: Guid(99c9720ab356a0642a771bea13969a05) Importer(815301076,1909f56bfc062723c751e8b465ee728b)
Start importing Assets/Scenes/PlayScene.unity using Guid(99c9720ab356a0642a771bea13969a05) Importer(815301076,1909f56bfc062723c751e8b465ee728b)  -> (artifact id: 'caaabad8e9624e08c3ed0b229460a6af') in 0.008397 seconds
  Import took 0.012895 seconds .

========================================================================
Received Import Request.
  Time since last request: 122.196034 seconds.
  path: Assets/prefab/Hero.prefab
  artifactKey: Guid(ab31f65a07f1a594d89c28e1c5fc634b) Importer(815301076,1909f56bfc062723c751e8b465ee728b)
Start importing Assets/prefab/Hero.prefab using Guid(ab31f65a07f1a594d89c28e1c5fc634b) Importer(815301076,1909f56bfc062723c751e8b465ee728b)  -> (artifact id: '4b0c4973098c0d5f0ca8d7224ae1e25b') in 0.100819 seconds
  Import took 0.106059 seconds .

========================================================================
Received Prepare
Registering precompiled user dll's ...
Registered in 0.025070 seconds.
Begin MonoManager ReloadAssembly
Native extension for WindowsStandalone target not found
Refreshing native plugins compatible for Editor in 1.61 ms, found 2 plugins.
Preloading 0 native plugins for Editor in 0.00 ms.
Mono: successfully reloaded assembly
- Completed reload, in  1.962 seconds
Platform modules already initialized, skipping
Refreshing native plugins compatible for Editor in 0.97 ms, found 2 plugins.
Preloading 0 native plugins for Editor in 0.00 ms.
Unloading 1929 Unused Serialized files (Serialized files now loaded: 0)
System memory in use before: 86.8 MB.
System memory in use after: 86.4 MB.

Unloading 51 unused Assets to reduce memory usage. Loaded Objects now: 2362.
Total: 11.882900 ms (FindLiveObjects: 0.486700 ms CreateObjectMapping: 0.218200 ms MarkObjects: 10.620900 ms  DeleteObjects: 0.554800 ms)

========================================================================
Received Prepare
Registering precompiled user dll's ...
Registered in 0.012751 seconds.
Begin MonoManager ReloadAssembly
Native extension for WindowsStandalone target not found
Refreshing native plugins compatible for Editor in 0.82 ms, found 2 plugins.
Preloading 0 native plugins for Editor in 0.00 ms.
Mono: successfully reloaded assembly
- Completed reload, in  2.017 seconds
Platform modules already initialized, skipping
Refreshing native plugins compatible for Editor in 1.04 ms, found 2 plugins.
Preloading 0 native plugins for Editor in 0.00 ms.
Unloading 1929 Unused Serialized files (Serialized files now loaded: 0)
System memory in use before: 86.3 MB.
System memory in use after: 86.4 MB.

Unloading 49 unused Assets to reduce memory usage. Loaded Objects now: 2365.
Total: 9.957400 ms (FindLiveObjects: 0.244900 ms CreateObjectMapping: 0.066100 ms MarkObjects: 9.603100 ms  DeleteObjects: 0.041500 ms)

========================================================================
Received Import Request.
  Time since last request: 485.338980 seconds.
  path: Assets/Script/ScenePlay.cs
  artifactKey: Guid(2635800888c54454e964c41cf2f86a19) Importer(815301076,1909f56bfc062723c751e8b465ee728b)
Start importing Assets/Script/ScenePlay.cs using Guid(2635800888c54454e964c41cf2f86a19) Importer(815301076,1909f56bfc062723c751e8b465ee728b)  -> (artifact id: 'c483e08147bafbc56b41b3b2f63af719') in 0.012579 seconds
  Import took 0.016802 seconds .

========================================================================
Received Prepare
Registering precompiled user dll's ...
Registered in 0.009645 seconds.
Begin MonoManager ReloadAssembly
Native extension for WindowsStandalone target not found
Refreshing native plugins compatible for Editor in 0.92 ms, found 2 plugins.
Preloading 0 native plugins for Editor in 0.00 ms.
Mono: successfully reloaded assembly
- Completed reload, in  2.702 seconds
Platform modules already initialized, skipping
Refreshing native plugins compatible for Editor in 0.86 ms, found 2 plugins.
Preloading 0 native plugins for Editor in 0.00 ms.
Unloading 1930 Unused Serialized files (Serialized files now loaded: 0)
System memory in use before: 86.4 MB.
System memory in use after: 86.5 MB.

Unloading 49 unused Assets to reduce memory usage. Loaded Objects now: 2369.
Total: 14.052400 ms (FindLiveObjects: 1.019000 ms CreateObjectMapping: 0.504600 ms MarkObjects: 12.481300 ms  DeleteObjects: 0.044200 ms)

========================================================================
Received Import Request.
  Time since last request: 624.431948 seconds.
  path: Assets/Script/GameClear.cs
  artifactKey: Guid(3908488890ab41b4a9af2c4538040a57) Importer(815301076,1909f56bfc062723c751e8b465ee728b)
Start importing Assets/Script/GameClear.cs using Guid(3908488890ab41b4a9af2c4538040a57) Importer(815301076,1909f56bfc062723c751e8b465ee728b)  -> (artifact id: 'e5459edf73bb40f7cd73643510cde571') in 0.012048 seconds
  Import took 0.016848 seconds .

========================================================================
Received Prepare
Registering precompiled user dll's ...
Registered in 0.009387 seconds.
Begin MonoManager ReloadAssembly
Native extension for WindowsStandalone target not found
Refreshing native plugins compatible for Editor in 0.98 ms, found 2 plugins.
Preloading 0 native plugins for Editor in 0.00 ms.
Mono: successfully reloaded assembly
- Completed reload, in  2.003 seconds
Platform modules already initialized, skipping
Refreshing native plugins compatible for Editor in 0.91 ms, found 2 plugins.
Preloading 0 native plugins for Editor in 0.00 ms.
Unloading 1930 Unused Serialized files (Serialized files now loaded: 0)
System memory in use before: 86.4 MB.
System memory in use after: 86.5 MB.

Unloading 49 unused Assets to reduce memory usage. Loaded Objects now: 2372.
Total: 8.283500 ms (FindLiveObjects: 0.256600 ms CreateObjectMapping: 0.057900 ms MarkObjects: 7.909800 ms  DeleteObjects: 0.056500 ms)

========================================================================
Received Prepare
Registering precompiled user dll's ...
Registered in 0.009105 seconds.
Begin MonoManager ReloadAssembly
Native extension for WindowsStandalone target not found
Refreshing native plugins compatible for Editor in 0.78 ms, found 2 plugins.
Preloading 0 native plugins for Editor in 0.00 ms.
Mono: successfully reloaded assembly
- Completed reload, in  1.731 seconds
Platform modules already initialized, skipping
Refreshing native plugins compatible for Editor in 0.89 ms, found 2 plugins.
Preloading 0 native plugins for Editor in 0.00 ms.
Unloading 1930 Unused Serialized files (Serialized files now loaded: 0)
System memory in use before: 86.4 MB.
System memory in use after: 86.5 MB.

Unloading 49 unused Assets to reduce memory usage. Loaded Objects now: 2375.
Total: 5.838600 ms (FindLiveObjects: 0.221800 ms CreateObjectMapping: 0.048000 ms MarkObjects: 5.533500 ms  DeleteObjects: 0.033900 ms)

========================================================================
Received Import Request.
  Time since last request: 297.580147 seconds.
  path: Assets/Script/GameClear.cs
  artifactKey: Guid(3908488890ab41b4a9af2c4538040a57) Importer(815301076,1909f56bfc062723c751e8b465ee728b)
Start importing Assets/Script/GameClear.cs using Guid(3908488890ab41b4a9af2c4538040a57) Importer(815301076,1909f56bfc062723c751e8b465ee728b)  -> (artifact id: 'b0063f2831fb1c54bd13a807dafb872d') in 0.008191 seconds
  Import took 0.012027 seconds .

========================================================================
Received Prepare
Registering precompiled user dll's ...
Registered in 0.009459 seconds.
Begin MonoManager ReloadAssembly
Native extension for WindowsStandalone target not found
Refreshing native plugins compatible for Editor in 0.90 ms, found 2 plugins.
Preloading 0 native plugins for Editor in 0.00 ms.
Mono: successfully reloaded assembly
- Completed reload, in  1.804 seconds
Platform modules already initialized, skipping
Refreshing native plugins compatible for Editor in 0.77 ms, found 2 plugins.
Preloading 0 native plugins for Editor in 0.00 ms.
Unloading 1930 Unused Serialized files (Serialized files now loaded: 0)
System memory in use before: 86.4 MB.
System memory in use after: 86.5 MB.

Unloading 49 unused Assets to reduce memory usage. Loaded Objects now: 2378.
Total: 7.851900 ms (FindLiveObjects: 0.230200 ms CreateObjectMapping: 0.056500 ms MarkObjects: 7.522000 ms  DeleteObjects: 0.041400 ms)

========================================================================
Received Prepare
Registering precompiled user dll's ...
Registered in 0.015340 seconds.
Begin MonoManager ReloadAssembly
Native extension for WindowsStandalone target not found
Refreshing native plugins compatible for Editor in 0.91 ms, found 2 plugins.
Preloading 0 native plugins for Editor in 0.00 ms.
Mono: successfully reloaded assembly
- Completed reload, in  1.803 seconds
Platform modules already initialized, skipping
Refreshing native plugins compatible for Editor in 0.88 ms, found 2 plugins.
Preloading 0 native plugins for Editor in 0.00 ms.
Unloading 1930 Unused Serialized files (Serialized files now loaded: 0)
System memory in use before: 86.4 MB.
System memory in use after: 86.5 MB.

Unloading 49 unused Assets to reduce memory usage. Loaded Objects now: 2381.
Total: 7.882800 ms (FindLiveObjects: 0.238400 ms CreateObjectMapping: 0.062300 ms MarkObjects: 7.454500 ms  DeleteObjects: 0.124200 ms)

========================================================================
Received Prepare
Registering precompiled user dll's ...
Registered in 0.009245 seconds.
Begin MonoManager ReloadAssembly
Native extension for WindowsStandalone target not found
Refreshing native plugins compatible for Editor in 1.29 ms, found 2 plugins.
Preloading 0 native plugins for Editor in 0.00 ms.
Mono: successfully reloaded assembly
- Completed reload, in  1.814 seconds
Platform modules already initialized, skipping
Refreshing native plugins compatible for Editor in 0.98 ms, found 2 plugins.
Preloading 0 native plugins for Editor in 0.00 ms.
Unloading 1930 Unused Serialized files (Serialized files now loaded: 0)
System memory in use before: 86.4 MB.
System memory in use after: 86.5 MB.

Unloading 49 unused Assets to reduce memory usage. Loaded Objects now: 2384.
Total: 8.764400 ms (FindLiveObjects: 0.256700 ms CreateObjectMapping: 0.060700 ms MarkObjects: 8.392700 ms  DeleteObjects: 0.051600 ms)

========================================================================
Received Prepare
Registering precompiled user dll's ...
Registered in 0.012079 seconds.
Begin MonoManager ReloadAssembly
Native extension for WindowsStandalone target not found
Refreshing native plugins compatible for Editor in 0.78 ms, found 2 plugins.
Preloading 0 native plugins for Editor in 0.00 ms.
Mono: successfully reloaded assembly
- Completed reload, in  1.919 seconds
Platform modules already initialized, skipping
Refreshing native plugins compatible for Editor in 1.89 ms, found 2 plugins.
Preloading 0 native plugins for Editor in 0.00 ms.
Unloading 1930 Unused Serialized files (Serialized files now loaded: 0)
System memory in use before: 86.4 MB.
System memory in use after: 86.5 MB.

Unloading 49 unused Assets to reduce memory usage. Loaded Objects now: 2387.
Total: 7.459200 ms (FindLiveObjects: 0.232200 ms CreateObjectMapping: 0.057100 ms MarkObjects: 7.130800 ms  DeleteObjects: 0.037200 ms)

========================================================================
Received Prepare
Registering precompiled user dll's ...
Registered in 0.009414 seconds.
Begin MonoManager ReloadAssembly
Native extension for WindowsStandalone target not found
Refreshing native plugins compatible for Editor in 0.89 ms, found 2 plugins.
Preloading 0 native plugins for Editor in 0.00 ms.
Mono: successfully reloaded assembly
- Completed reload, in  1.898 seconds
Platform modules already initialized, skipping
Refreshing native plugins compatible for Editor in 0.87 ms, found 2 plugins.
Preloading 0 native plugins for Editor in 0.00 ms.
Unloading 1930 Unused Serialized files (Serialized files now loaded: 0)
System memory in use before: 86.4 MB.
System memory in use after: 86.5 MB.

Unloading 49 unused Assets to reduce memory usage. Loaded Objects now: 2390.
Total: 8.120000 ms (FindLiveObjects: 0.242700 ms CreateObjectMapping: 0.066000 ms MarkObjects: 7.769900 ms  DeleteObjects: 0.039200 ms)

========================================================================
Received Prepare
Registering precompiled user dll's ...
Registered in 0.016041 seconds.
Begin MonoManager ReloadAssembly
Native extension for WindowsStandalone target not found
Refreshing native plugins compatible for Editor in 2.22 ms, found 2 plugins.
Preloading 0 native plugins for Editor in 0.00 ms.
Mono: successfully reloaded assembly
- Completed reload, in  2.672 seconds
Platform modules already initialized, skipping
Refreshing native plugins compatible for Editor in 1.46 ms, found 2 plugins.
Preloading 0 native plugins for Editor in 0.00 ms.
Unloading 1930 Unused Serialized files (Serialized files now loaded: 0)
System memory in use before: 86.4 MB.
System memory in use after: 86.5 MB.

Unloading 49 unused Assets to reduce memory usage. Loaded Objects now: 2393.
Total: 17.009500 ms (FindLiveObjects: 0.602200 ms CreateObjectMapping: 0.222300 ms MarkObjects: 16.115000 ms  DeleteObjects: 0.066900 ms)

========================================================================
Received Prepare
Registering precompiled user dll's ...
Registered in 0.009423 seconds.
Begin MonoManager ReloadAssembly
Native extension for WindowsStandalone target not found
Refreshing native plugins compatible for Editor in 1.23 ms, found 2 plugins.
Preloading 0 native plugins for Editor in 0.00 ms.
Mono: successfully reloaded assembly
- Completed reload, in  2.006 seconds
Platform modules already initialized, skipping
Refreshing native plugins compatible for Editor in 2.07 ms, found 2 plugins.
Preloading 0 native plugins for Editor in 0.00 ms.
Unloading 1931 Unused Serialized files (Serialized files now loaded: 0)
System memory in use before: 86.4 MB.
System memory in use after: 86.5 MB.

Unloading 49 unused Assets to reduce memory usage. Loaded Objects now: 2397.
Total: 8.665100 ms (FindLiveObjects: 0.289500 ms CreateObjectMapping: 0.061800 ms MarkObjects: 8.259200 ms  DeleteObjects: 0.051200 ms)

========================================================================
Received Prepare
Registering precompiled user dll's ...
Registered in 0.010324 seconds.
Begin MonoManager ReloadAssembly
Native extension for WindowsStandalone target not found
Refreshing native plugins compatible for Editor in 0.78 ms, found 2 plugins.
Preloading 0 native plugins for Editor in 0.00 ms.
Mono: successfully reloaded assembly
- Completed reload, in  1.956 seconds
Platform modules already initialized, skipping
Refreshing native plugins compatible for Editor in 0.79 ms, found 2 plugins.
Preloading 0 native plugins for Editor in 0.00 ms.
Unloading 1931 Unused Serialized files (Serialized files now loaded: 0)
System memory in use before: 86.4 MB.
System memory in use after: 86.6 MB.

Unloading 49 unused Assets to reduce memory usage. Loaded Objects now: 2400.
Total: 6.825600 ms (FindLiveObjects: 0.238300 ms CreateObjectMapping: 0.057300 ms MarkObjects: 6.495300 ms  DeleteObjects: 0.032900 ms)

========================================================================
Received Import Request.
  Time since last request: 1583.779002 seconds.
  path: Assets/Script/GameOver.cs
  artifactKey: Guid(b1149f2cfd2486b46880f9c57901b14b) Importer(815301076,1909f56bfc062723c751e8b465ee728b)
Start importing Assets/Script/GameOver.cs using Guid(b1149f2cfd2486b46880f9c57901b14b) Importer(815301076,1909f56bfc062723c751e8b465ee728b)  -> (artifact id: '74f88490315b5a1bbf6fff56a58652e5') in 0.015827 seconds
  Import took 0.022706 seconds .

========================================================================
Received Prepare
Registering precompiled user dll's ...
Registered in 0.018942 seconds.
Begin MonoManager ReloadAssembly
Native extension for WindowsStandalone target not found
Refreshing native plugins compatible for Editor in 1.78 ms, found 2 plugins.
Preloading 0 native plugins for Editor in 0.00 ms.
Mono: successfully reloaded assembly
- Completed reload, in  1.926 seconds
Platform modules already initialized, skipping
Refreshing native plugins compatible for Editor in 0.98 ms, found 2 plugins.
Preloading 0 native plugins for Editor in 0.00 ms.
Unloading 1931 Unused Serialized files (Serialized files now loaded: 0)
System memory in use before: 86.4 MB.
System memory in use after: 86.6 MB.

Unloading 49 unused Assets to reduce memory usage. Loaded Objects now: 2403.
Total: 7.276000 ms (FindLiveObjects: 0.282400 ms CreateObjectMapping: 0.060900 ms MarkObjects: 6.893700 ms  DeleteObjects: 0.037300 ms)

========================================================================
Received Prepare
Registering precompiled user dll's ...
Registered in 0.007537 seconds.
Begin MonoManager ReloadAssembly
Native extension for WindowsStandalone target not found
Refreshing native plugins compatible for Editor in 1.03 ms, found 2 plugins.
Preloading 0 native plugins for Editor in 0.00 ms.
Mono: successfully reloaded assembly
- Completed reload, in  1.704 seconds
Platform modules already initialized, skipping
Refreshing native plugins compatible for Editor in 0.77 ms, found 2 plugins.
Preloading 0 native plugins for Editor in 0.00 ms.
Unloading 1931 Unused Serialized files (Serialized files now loaded: 0)
System memory in use before: 86.4 MB.
System memory in use after: 86.6 MB.

Unloading 49 unused Assets to reduce memory usage. Loaded Objects now: 2406.
Total: 8.298300 ms (FindLiveObjects: 0.257700 ms CreateObjectMapping: 0.061600 ms MarkObjects: 7.922800 ms  DeleteObjects: 0.053700 ms)

========================================================================
Received Prepare
Registering precompiled user dll's ...
Registered in 0.014840 seconds.
Begin MonoManager ReloadAssembly
Native extension for WindowsStandalone target not found
Refreshing native plugins compatible for Editor in 1.25 ms, found 2 plugins.
Preloading 0 native plugins for Editor in 0.00 ms.
Mono: successfully reloaded assembly
- Completed reload, in  2.524 seconds
Platform modules already initialized, skipping
Refreshing native plugins compatible for Editor in 0.93 ms, found 2 plugins.
Preloading 0 native plugins for Editor in 0.00 ms.
Unloading 1931 Unused Serialized files (Serialized files now loaded: 0)
System memory in use before: 86.5 MB.
System memory in use after: 86.6 MB.

Unloading 49 unused Assets to reduce memory usage. Loaded Objects now: 2409.
Total: 7.195200 ms (FindLiveObjects: 0.327700 ms CreateObjectMapping: 0.074400 ms MarkObjects: 6.754700 ms  DeleteObjects: 0.036700 ms)

========================================================================
Received Prepare
Registering precompiled user dll's ...
Registered in 0.007142 seconds.
Begin MonoManager ReloadAssembly
Native extension for WindowsStandalone target not found
Refreshing native plugins compatible for Editor in 1.42 ms, found 2 plugins.
Preloading 0 native plugins for Editor in 0.00 ms.
Mono: successfully reloaded assembly
- Completed reload, in  2.687 seconds
Platform modules already initialized, skipping
Refreshing native plugins compatible for Editor in 0.88 ms, found 2 plugins.
Preloading 0 native plugins for Editor in 0.00 ms.
Unloading 1931 Unused Serialized files (Serialized files now loaded: 0)
System memory in use before: 86.5 MB.
System memory in use after: 86.6 MB.

Unloading 49 unused Assets to reduce memory usage. Loaded Objects now: 2412.
Total: 12.136400 ms (FindLiveObjects: 0.614300 ms CreateObjectMapping: 0.059500 ms MarkObjects: 11.390900 ms  DeleteObjects: 0.066400 ms)

========================================================================
Received Import Request.
  Time since last request: 774.116421 seconds.
  path: Assets/Script/ScenePlay.cs
  artifactKey: Guid(2635800888c54454e964c41cf2f86a19) Importer(815301076,1909f56bfc062723c751e8b465ee728b)
Start importing Assets/Script/ScenePlay.cs using Guid(2635800888c54454e964c41cf2f86a19) Importer(815301076,1909f56bfc062723c751e8b465ee728b)  -> (artifact id: '92749642223d0d2b916fe9364f45c45e') in 0.010257 seconds
  Import took 0.014527 seconds .

========================================================================
Received Prepare
Registering precompiled user dll's ...
Registered in 0.008827 seconds.
Begin MonoManager ReloadAssembly
Native extension for WindowsStandalone target not found
Refreshing native plugins compatible for Editor in 0.90 ms, found 2 plugins.
Preloading 0 native plugins for Editor in 0.00 ms.
Mono: successfully reloaded assembly
- Completed reload, in  1.708 seconds
Platform modules already initialized, skipping
Refreshing native plugins compatible for Editor in 1.18 ms, found 2 plugins.
Preloading 0 native plugins for Editor in 0.00 ms.
Unloading 1931 Unused Serialized files (Serialized files now loaded: 0)
System memory in use before: 86.5 MB.
System memory in use after: 86.6 MB.

Unloading 49 unused Assets to reduce memory usage. Loaded Objects now: 2415.
Total: 8.160800 ms (FindLiveObjects: 0.352800 ms CreateObjectMapping: 0.084100 ms MarkObjects: 7.672500 ms  DeleteObjects: 0.049300 ms)

========================================================================
Received Import Request.
  Time since last request: 178.776965 seconds.
  path: Assets/Script/ScenePlay.cs
  artifactKey: Guid(2635800888c54454e964c41cf2f86a19) Importer(815301076,1909f56bfc062723c751e8b465ee728b)
Start importing Assets/Script/ScenePlay.cs using Guid(2635800888c54454e964c41cf2f86a19) Importer(815301076,1909f56bfc062723c751e8b465ee728b)  -> (artifact id: 'df51afe00a79c4b92c9022190b87d7a9') in 0.009583 seconds
  Import took 0.013638 seconds .

========================================================================
Received Prepare
Registering precompiled user dll's ...
Registered in 0.012160 seconds.
Begin MonoManager ReloadAssembly
Native extension for WindowsStandalone target not found
Refreshing native plugins compatible for Editor in 0.82 ms, found 2 plugins.
Preloading 0 native plugins for Editor in 0.00 ms.
Mono: successfully reloaded assembly
- Completed reload, in  2.599 seconds
Platform modules already initialized, skipping
Refreshing native plugins compatible for Editor in 0.77 ms, found 2 plugins.
Preloading 0 native plugins for Editor in 0.00 ms.
Unloading 1931 Unused Serialized files (Serialized files now loaded: 0)
System memory in use before: 86.5 MB.
System memory in use after: 86.6 MB.

Unloading 49 unused Assets to reduce memory usage. Loaded Objects now: 2418.
Total: 11.114900 ms (FindLiveObjects: 0.378500 ms CreateObjectMapping: 0.082300 ms MarkObjects: 10.592600 ms  DeleteObjects: 0.058700 ms)

========================================================================
Received Prepare
Registering precompiled user dll's ...
Registered in 0.016769 seconds.
Begin MonoManager ReloadAssembly
Native extension for WindowsStandalone target not found
Refreshing native plugins compatible for Editor in 0.89 ms, found 2 plugins.
Preloading 0 native plugins for Editor in 0.00 ms.
Mono: successfully reloaded assembly
- Completed reload, in  1.780 seconds
Platform modules already initialized, skipping
Refreshing native plugins compatible for Editor in 0.91 ms, found 2 plugins.
Preloading 0 native plugins for Editor in 0.00 ms.
Unloading 1931 Unused Serialized files (Serialized files now loaded: 0)
System memory in use before: 86.5 MB.
System memory in use after: 86.6 MB.

Unloading 49 unused Assets to reduce memory usage. Loaded Objects now: 2421.
Total: 9.567100 ms (FindLiveObjects: 0.258000 ms CreateObjectMapping: 0.064300 ms MarkObjects: 9.037000 ms  DeleteObjects: 0.201900 ms)

========================================================================
Received Prepare
Registering precompiled user dll's ...
Registered in 0.013572 seconds.
Begin MonoManager ReloadAssembly
Native extension for WindowsStandalone target not found
Refreshing native plugins compatible for Editor in 4.26 ms, found 2 plugins.
Preloading 0 native plugins for Editor in 0.00 ms.
Mono: successfully reloaded assembly
- Completed reload, in  3.821 seconds
Platform modules already initialized, skipping
Refreshing native plugins compatible for Editor in 2.24 ms, found 2 plugins.
Preloading 0 native plugins for Editor in 0.00 ms.
Unloading 1931 Unused Serialized files (Serialized files now loaded: 0)
System memory in use before: 86.5 MB.
System memory in use after: 86.6 MB.

Unloading 49 unused Assets to reduce memory usage. Loaded Objects now: 2424.
Total: 9.869400 ms (FindLiveObjects: 0.477600 ms CreateObjectMapping: 0.079000 ms MarkObjects: 9.242500 ms  DeleteObjects: 0.067000 ms)

========================================================================
Received Prepare
Registering precompiled user dll's ...
Registered in 0.008457 seconds.
Begin MonoManager ReloadAssembly
Native extension for WindowsStandalone target not found
Refreshing native plugins compatible for Editor in 0.77 ms, found 2 plugins.
Preloading 0 native plugins for Editor in 0.00 ms.
Mono: successfully reloaded assembly
- Completed reload, in  1.697 seconds
Platform modules already initialized, skipping
Refreshing native plugins compatible for Editor in 0.82 ms, found 2 plugins.
Preloading 0 native plugins for Editor in 0.00 ms.
Unloading 1931 Unused Serialized files (Serialized files now loaded: 0)
System memory in use before: 86.5 MB.
System memory in use after: 86.6 MB.

Unloading 49 unused Assets to reduce memory usage. Loaded Objects now: 2427.
Total: 9.558800 ms (FindLiveObjects: 0.272300 ms CreateObjectMapping: 0.067900 ms MarkObjects: 9.106800 ms  DeleteObjects: 0.108100 ms)

========================================================================
Received Prepare
Registering precompiled user dll's ...
Registered in 0.009466 seconds.
Begin MonoManager ReloadAssembly
Native extension for WindowsStandalone target not found
Refreshing native plugins compatible for Editor in 0.95 ms, found 2 plugins.
Preloading 0 native plugins for Editor in 0.00 ms.
Mono: successfully reloaded assembly
- Completed reload, in  1.867 seconds
Platform modules already initialized, skipping
Refreshing native plugins compatible for Editor in 1.01 ms, found 2 plugins.
Preloading 0 native plugins for Editor in 0.00 ms.
Unloading 1931 Unused Serialized files (Serialized files now loaded: 0)
System memory in use before: 86.5 MB.
System memory in use after: 86.6 MB.

Unloading 49 unused Assets to reduce memory usage. Loaded Objects now: 2430.
Total: 8.759400 ms (FindLiveObjects: 0.258200 ms CreateObjectMapping: 0.058600 ms MarkObjects: 8.395500 ms  DeleteObjects: 0.044900 ms)

========================================================================
Received Import Request.
  Time since last request: 728.938240 seconds.
  path: Assets/Script/Hero.cs
  artifactKey: Guid(5bb0faaa8f284964e8877988ae41aaaa) Importer(815301076,1909f56bfc062723c751e8b465ee728b)
Start importing Assets/Script/Hero.cs using Guid(5bb0faaa8f284964e8877988ae41aaaa) Importer(815301076,1909f56bfc062723c751e8b465ee728b)  -> (artifact id: '5071054ac75b500e6d6faaea75a18b05') in 0.011108 seconds
  Import took 0.015179 seconds .

========================================================================
Received Import Request.
  Time since last request: 1.429338 seconds.
  path: Assets/Script/Hero.cs
  artifactKey: Guid(5bb0faaa8f284964e8877988ae41aaaa) Importer(815301076,1909f56bfc062723c751e8b465ee728b)
Start importing Assets/Script/Hero.cs using Guid(5bb0faaa8f284964e8877988ae41aaaa) Importer(815301076,1909f56bfc062723c751e8b465ee728b)  -> (artifact id: '5071054ac75b500e6d6faaea75a18b05') in 0.007401 seconds
  Import took 0.011347 seconds .

========================================================================
Received Prepare
Registering precompiled user dll's ...
Registered in 0.009473 seconds.
Begin MonoManager ReloadAssembly
Native extension for WindowsStandalone target not found
Refreshing native plugins compatible for Editor in 0.94 ms, found 2 plugins.
Preloading 0 native plugins for Editor in 0.00 ms.
Mono: successfully reloaded assembly
- Completed reload, in  2.001 seconds
Platform modules already initialized, skipping
Refreshing native plugins compatible for Editor in 1.52 ms, found 2 plugins.
Preloading 0 native plugins for Editor in 0.00 ms.
Unloading 1931 Unused Serialized files (Serialized files now loaded: 0)
System memory in use before: 86.5 MB.
System memory in use after: 86.6 MB.

Unloading 49 unused Assets to reduce memory usage. Loaded Objects now: 2433.
Total: 7.912700 ms (FindLiveObjects: 0.354200 ms CreateObjectMapping: 0.088000 ms MarkObjects: 7.410900 ms  DeleteObjects: 0.057300 ms)

========================================================================
Received Prepare
Registering precompiled user dll's ...
Registered in 0.009356 seconds.
Begin MonoManager ReloadAssembly
Native extension for WindowsStandalone target not found
Refreshing native plugins compatible for Editor in 1.34 ms, found 2 plugins.
Preloading 0 native plugins for Editor in 0.00 ms.
Mono: successfully reloaded assembly
- Completed reload, in  1.960 seconds
Platform modules already initialized, skipping
Refreshing native plugins compatible for Editor in 1.00 ms, found 2 plugins.
Preloading 0 native plugins for Editor in 0.00 ms.
Unloading 1931 Unused Serialized files (Serialized files now loaded: 0)
System memory in use before: 86.5 MB.
System memory in use after: 86.6 MB.

Unloading 49 unused Assets to reduce memory usage. Loaded Objects now: 2436.
Total: 8.304900 ms (FindLiveObjects: 0.304100 ms CreateObjectMapping: 0.062300 ms MarkObjects: 7.887800 ms  DeleteObjects: 0.048800 ms)

========================================================================
Received Import Request.
  Time since last request: 61.802680 seconds.
  path: Assets/Script/Hero.cs
  artifactKey: Guid(5bb0faaa8f284964e8877988ae41aaaa) Importer(815301076,1909f56bfc062723c751e8b465ee728b)
Start importing Assets/Script/Hero.cs using Guid(5bb0faaa8f284964e8877988ae41aaaa) Importer(815301076,1909f56bfc062723c751e8b465ee728b)  -> (artifact id: 'ca129910054c106a7054a593d6b71b11') in 0.007703 seconds
  Import took 0.011560 seconds .

========================================================================
Received Import Request.
  Time since last request: 2.205615 seconds.
  path: Assets/Script/Hero.cs
  artifactKey: Guid(5bb0faaa8f284964e8877988ae41aaaa) Importer(815301076,1909f56bfc062723c751e8b465ee728b)
Start importing Assets/Script/Hero.cs using Guid(5bb0faaa8f284964e8877988ae41aaaa) Importer(815301076,1909f56bfc062723c751e8b465ee728b)  -> (artifact id: 'ca129910054c106a7054a593d6b71b11') in 0.005293 seconds
  Import took 0.010869 seconds .

========================================================================
Received Prepare
Registering precompiled user dll's ...
Registered in 0.011568 seconds.
Begin MonoManager ReloadAssembly
Native extension for WindowsStandalone target not found
Refreshing native plugins compatible for Editor in 0.79 ms, found 2 plugins.
Preloading 0 native plugins for Editor in 0.00 ms.
Mono: successfully reloaded assembly
- Completed reload, in  1.715 seconds
Platform modules already initialized, skipping
Refreshing native plugins compatible for Editor in 0.87 ms, found 2 plugins.
Preloading 0 native plugins for Editor in 0.00 ms.
Unloading 1931 Unused Serialized files (Serialized files now loaded: 0)
System memory in use before: 86.5 MB.
System memory in use after: 86.6 MB.

Unloading 49 unused Assets to reduce memory usage. Loaded Objects now: 2439.
Total: 9.458100 ms (FindLiveObjects: 0.267300 ms CreateObjectMapping: 0.076300 ms MarkObjects: 9.067500 ms  DeleteObjects: 0.045200 ms)

AssetImportWorkerClient::OnTransportError - code=2 error=End of file
